
ROM used:   231 (3%)
            2049 (25%) including unused fragments

            1 Average locations per line
            26 Average locations per statement

RAM used:   6 (2%) at main() level
            11 (3%) worst case

Stack used: 2/8 worst case (1 in main + 1 for interrupts)

Lines Stmts  %   Files
----- ----- ---  -----
   21     9 100  ej1.c
  302     0   0  C:\Program Files (x86)\PICC\devices\16f877.h
----- -----
  323     9 Total

Page ROM  %  RAM   Vol Diff  Functions:
---- --- --- ---   --- ----  ----------
0     22  10   1             @delay_ms1
3      1   0   0     5  1.0  loader16f877
0     68  29   0   172  2.5  MAIN
0     11   5   0             @const71
0     88  38   5             @PSTRINGCN7_38400_62_63
0     37  16   2             @PRINTF_X_38400_62_63
 Inline        0             @cinit1

Program metrics:
    Functions               2
    Statements              9
    Comments                79
    Volume (V)              202
    Difficulty (D)          2.7
    Effort to implement (E) 549
    Time to implement (T)   1 minutes
    Est Delivered Bugs (B)  0
    Cyclomatic Complexity   1
    Maintainability (MI)    107

 Segment     Used  Free
-----------  ----  ----
00000-00003     4  0  
00004-007FF   226  1818  
00800-00FFF     0  2048  
01000-017FF     0  2048  
01800-01EFF     0  1792  
01F00-01FFF     1  255  



