
ROM used:   409 (5%)
            2049 (25%) including unused fragments

            1 Average locations per line
            23 Average locations per statement

RAM used:   16 (4%) at main() level
            24 (7%) worst case

Stack used: 2/8 worst case (1 in main + 1 for interrupts)

Lines Stmts  %   Files
----- ----- ---  -----
   38    18 100  ej3.c
  302     0   0  C:\Program Files (x86)\PICC\devices\16f877.h
----- -----
  340    18 Total

Page ROM  %  RAM   Vol Diff  Functions:
---- --- --- ---   --- ----  ----------
0     22   5   1             @delay_ms1
3      1   0   0     5  1.0  loader16f877
0     99  24   0    89  2.9  clock_isr
0     17   4   0             @const70
 Inline        4             @PSTRINGC7_38400_62_63
0     87  21   1   280  2.7  MAIN
0     11   3   0             @const75
0     88  22   5             @PSTRINGCN7_38400_62_63
0     37   9   2             @PRINTF_X_38400_62_63
 Inline        0             @cinit1

Program metrics:
    Functions               3
    Statements              18
    Comments                84
    Volume (V)              472
    Difficulty (D)          5.8
    Effort to implement (E) 2733
    Time to implement (T)   3 minutes
    Est Delivered Bugs (B)  0
    Cyclomatic Complexity   1
    Maintainability (MI)    163

 Segment     Used  Free
-----------  ----  ----
00000-00003     4  0  
00004-0002E    43  0  
0002F-007FF   361  1640  
00800-00FFF     0  2048  
01000-017FF     0  2048  
01800-01EFF     0  1792  
01F00-01FFF     1  255  



