Warning[205] E:\P2\EJ5.ASM 1 : Found directive in column 1. (processor)
Warning[205] E:\P2\EJ5.ASM 2 : Found directive in column 1. (include)
Message[301] C:\PROGRAM FILES (X86)\MICROCHIP\MPASM SUITE\P16F877.INC 33 : MESSAGE: (Processor-header file mismatch.  Verify selected processor.)
Warning[207] E:\P2\EJ5.ASM 3 : Found label after column 1. (contador)
Warning[207] E:\P2\EJ5.ASM 4 : Found label after column 1. (valor1)
Warning[207] E:\P2\EJ5.ASM 5 : Found label after column 1. (valor2)
Warning[207] E:\P2\EJ5.ASM 6 : Found label after column 1. (valor3)
Warning[207] E:\P2\EJ5.ASM 7 : Found label after column 1. (cte1)
Warning[207] E:\P2\EJ5.ASM 8 : Found label after column 1. (cte2)
Warning[207] E:\P2\EJ5.ASM 9 : Found label after column 1. (cte3)
Warning[205] E:\P2\EJ5.ASM 10 : Found directive in column 1. (org)
Warning[205] E:\P2\EJ5.ASM 12 : Found directive in column 1. (org)
Message[302] E:\P2\EJ5.ASM 16 : Register in operand not in bank 0.  Ensure that bank bits are correct.
Message[305] E:\P2\EJ5.ASM 19 : Using default destination of 1 (file).
Message[305] E:\P2\EJ5.ASM 25 : Using default destination of 1 (file).
Message[305] E:\P2\EJ5.ASM 36 : Using default destination of 1 (file).
Message[305] E:\P2\EJ5.ASM 38 : Using default destination of 1 (file).
Message[305] E:\P2\EJ5.ASM 40 : Using default destination of 1 (file).
Warning[203] E:\P2\EJ5.ASM 42 : Found opcode in column 1. (return)
Warning[205] E:\P2\EJ5.ASM 43 : Found directive in column 1. (END)
