MPASM  5.48                           EJ1.ASM   11-8-2022  13:36:20         PAGE  1


LOC  OBJECT CODE     LINE SOURCE TEXT
  VALUE

Warning[205]: Found directive in column 1. (processor)
                      00001 processor 16f877
Warning[205]: Found directive in column 1. (include)
                      00002 include <p16f877.inc>
                      00001         LIST
                      00002 
                      00003 ;==========================================================================
                      00004 ;  MPASM PIC16F877 processor include
                      00005 ; 
                      00006 ;  (c) Copyright 1999-2012 Microchip Technology, All rights reserved
                      00007 ;==========================================================================
                      00008 
Message[301]: MESSAGE: (Processor-header file mismatch.  Verify selected processor.)
                      00540         LIST
                      00003 
  00000020            00004 val equ h'20'
  00000021            00005 canal0 equ h'21'
  00000022            00006 canal1 equ h'22'
  00000023            00007 canal2 equ h'23'
  00000024            00008 final equ  h'24'
                      00009 
0000                  00010         org 0
0000   2805           00011         goto inicio
0005                  00012         org 5
                      00013 
0005                  00014 inicio:
0005   0185           00015         clrf PORTA;                     Limpia el puerto A
0006   0188           00016         clrf PORTD
0007   1303           00017         bcf STATUS,6
0008   1683           00018         bsf STATUS,5;           Se mueve al banco 1
0009   3000           00019         movlw 00H;                      Configura puertos A y E  como analogico
                      00020         
Message[302]: Register in operand not in bank 0.  Ensure that bank bits are correct.
000A   009F           00021         movwf ADCON1;           configuracion de ADCON1
Message[302]: Register in operand not in bank 0.  Ensure that bank bits are correct.
000B   0188           00022         clrf TRISD;                     limpia el puerto D
000C   1283           00023         bcf STATUS,5
000D   30C1           00024         movlw b'11000001';      configuracion del como se trabaja, tiempo de oscilacion, canal0
000E   009F           00025         movwf ADCON0
                      00026 
000F                  00027 leer:
000F   151F           00028         bsf ADCON0,2;           prende CAD
0010   2041           00029         call retardo
                      00030         
0011                  00031 convierte:
0011   191F           00032         btfsc ADCON0,2;         brinca si el bit 2 de adcon0 es 0, es decir CAD apagado
0012   2811           00033         goto convierte;         va a subrutina convierte
0013   081E           00034         movf ADRESH,0;          Leemos el resultado de la conversion
0014   00A1           00035         movwf canal0
0015   30C9           00036         movlw b'11001001';      Configura el canal1 con la misma frecuencia
0016   009F           00037         movwf ADCON0;           que tenia el anterior, es decir la linterna
0017   151F           00038         bsf ADCON0,2;           prende CAD
0018   2041           00039         call retardo;           va a subrutina retardo
MPASM  5.48                           EJ1.ASM   11-8-2022  13:36:20         PAGE  2


LOC  OBJECT CODE     LINE SOURCE TEXT
  VALUE

                      00040 
0019                  00041 convierte2:
0019   191F           00042         btfsc ADCON0,2;         Brinca si el bit 2 de adcon0 es 0, es decir CAD apagado
001A   2819           00043         goto convierte2;        va a subrutina convierte2
001B   081E           00044         movf ADRESH,W;          mueve el resultado a W
001C   00A2           00045         movwf canal1;           mueve lo que hay en w al canal1
001D   30D1           00046         movlw b'11010001';      configura de nuevo la forma de trabajar
001E   009F           00047         movwf ADCON0;           esta vez sera el canal2
001F   151F           00048         bsf ADCON0,2;           prende CAD
                      00049 
0020                  00050 convierte3:
0020   191F           00051         btfsc ADCON0,2;         Brinca si el bit2 de ADCON0 es 0, es decir CAD APAGADO
0021   2820           00052         goto convierte3;        va a subrutina convierte3
0022   081E           00053         movf ADRESH,W;          mueve el resultado a w
0023   00A3           00054         movwf canal2;           Mueve lo de w al canal2
0024   30D9           00055         movlw b'11011001';      mueve el 'codigo' para configurar el canal3, a w
0025   009F           00056         movwf ADCON0;           Mueve lo de w a ADCON0
0026   151F           00057         bsf ADCON0,2;           Prende CAD      
0027   2041           00058         call retardo;           vamos a retardo
                      00059 
0028                  00060 canal:
0028   0821           00061         movf canal0,W;          mueve canal0 a w
0029   0222           00062         subwf canal1,W;         resta canal1 con lo que hay en w(canal0)
002A   1C83           00063         btfss STATUS,1;         salta si el bit 1 de status esta en 1, es decir, existe el medio carry
002B   1883           00064         btfsc STATUS,1;         salta si el bit 1 de estatus esta en 0, no existe medio carry
002C   282E           00065         goto canalCero;         va a subrutina canalCero
002D   2833           00066         goto canalUno;          va a subrutina canalUno
                      00067 
002E                  00068 canalCero:
002E   0821           00069         movf canal0,W;          mueve canal0 a w
002F   0223           00070         subwf canal2,W;         resta lo que hay en w(canal0) con el canal2
0030   1C83           00071         btfss STATUS,1;         brinca si existe un medio carry
0031   2838           00072         goto canalDos;          vamos a subr canalDos
0032   283B           00073         goto Mando0;            vamos a Mando0
                      00074 
0033                  00075 canalUno:
0033   0822           00076         movf canal1,W;          mueve canal1 a w
0034   0223           00077         subwf canal2,W;         resta lo que hay en w(canal0) con el canal2
0035   1C83           00078         btfss STATUS,1;         brinca si existe un medio carry
0036   2838           00079         goto canalDos;          vamos a subr canalDos
0037   283E           00080         goto Mando1;            vamos a Mando1
                      00081 
0038                  00082 canalDos:
0038   3007           00083         movlw h'07';            Mueve h07 a w
0039   0088           00084         movwf PORTD;            Mueve w -> PORTD
003A   280F           00085         goto leer;                      vamos a subr leer
                      00086 
003B                  00087 Mando0:
003B   3003           00088         movlw h'03';            Mueve h03 a w
003C   0088           00089         movwf PORTD;            Mueve w -> PORTD
003D   280F           00090         goto leer;                      vamos a subr leer       
                      00091 
003E                  00092 Mando1:
MPASM  5.48                           EJ1.ASM   11-8-2022  13:36:20         PAGE  3


LOC  OBJECT CODE     LINE SOURCE TEXT
  VALUE

003E   3001           00093         movlw h'01';            Mueve h03 a w
003F   0088           00094         movwf PORTD;            Mueve w -> PORTD
0040   280F           00095         goto leer;                      vamos a subr leer       
                      00096 
0041                  00097 retardo:
0041   3030           00098         movlw h'30'
0042   00A0           00099         movwf val
                      00100 
0043                  00101 loop:
0043   0BA0           00102         decfsz val,1
0044   2843           00103         goto loop
0045   0008           00104         return
                      00105 
Warning[205]: Found directive in column 1. (end)
                      00106 end
MPASM  5.48                           EJ1.ASM   11-8-2022  13:36:20         PAGE  4


SYMBOL TABLE
  LABEL                             VALUE 

ACKDT                             00000005
ACKEN                             00000004
ACKSTAT                           00000006
ADCON0                            0000001F
ADCON1                            0000009F
ADCS0                             00000006
ADCS1                             00000007
ADDEN                             00000003
ADFM                              00000007
ADIE                              00000006
ADIF                              00000006
ADON                              00000000
ADRESH                            0000001E
ADRESL                            0000009E
BCLIE                             00000003
BCLIF                             00000003
BF                                00000000
BRGH                              00000002
C                                 00000000
CCP1CON                           00000017
CCP1IE                            00000002
CCP1IF                            00000002
CCP1M0                            00000000
CCP1M1                            00000001
CCP1M2                            00000002
CCP1M3                            00000003
CCP1X                             00000005
CCP1Y                             00000004
CCP2CON                           0000001D
CCP2IE                            00000000
CCP2IF                            00000000
CCP2M0                            00000000
CCP2M1                            00000001
CCP2M2                            00000002
CCP2M3                            00000003
CCP2X                             00000005
CCP2Y                             00000004
CCPR1                             00000015
CCPR1H                            00000016
CCPR1L                            00000015
CCPR2                             0000001B
CCPR2H                            0000001C
CCPR2L                            0000001B
CHS0                              00000003
CHS1                              00000004
CHS2                              00000005
CKE                               00000006
CKP                               00000004
CREN                              00000004
CSRC                              00000007
D                                 00000005
DATA_ADDRESS                      00000005
DC                                00000001
MPASM  5.48                           EJ1.ASM   11-8-2022  13:36:20         PAGE  5


SYMBOL TABLE
  LABEL                             VALUE 

D_A                               00000005
D_NOT_A                           00000005
EEADR                             0000010D
EEADRH                            0000010F
EECON1                            0000018C
EECON2                            0000018D
EEDATA                            0000010C
EEDATH                            0000010E
EEIE                              00000004
EEIF                              00000004
EEPGD                             00000007
F                                 00000001
FERR                              00000002
FSR                               00000004
GCEN                              00000007
GIE                               00000007
GO                                00000002
GO_DONE                           00000002
GO_NOT_DONE                       00000002
I2C_DATA                          00000005
I2C_READ                          00000002
I2C_START                         00000003
I2C_STOP                          00000004
IBF                               00000007
IBOV                              00000005
INDF                              00000000
INTCON                            0000000B
INTE                              00000004
INTEDG                            00000006
INTF                              00000001
IRP                               00000007
Mando0                            0000003B
Mando1                            0000003E
NOT_A                             00000005
NOT_ADDRESS                       00000005
NOT_BO                            00000000
NOT_BOR                           00000000
NOT_DONE                          00000002
NOT_PD                            00000003
NOT_POR                           00000001
NOT_RBPU                          00000007
NOT_RC8                           00000006
NOT_T1SYNC                        00000002
NOT_TO                            00000004
NOT_TX8                           00000006
NOT_W                             00000002
NOT_WRITE                         00000002
OBF                               00000006
OERR                              00000001
OPTION_REG                        00000081
P                                 00000004
PCFG0                             00000000
PCFG1                             00000001
MPASM  5.48                           EJ1.ASM   11-8-2022  13:36:20         PAGE  6


SYMBOL TABLE
  LABEL                             VALUE 

PCFG2                             00000002
PCFG3                             00000003
PCL                               00000002
PCLATH                            0000000A
PCON                              0000008E
PEIE                              00000006
PEN                               00000002
PIE1                              0000008C
PIE2                              0000008D
PIR1                              0000000C
PIR2                              0000000D
PORTA                             00000005
PORTB                             00000006
PORTC                             00000007
PORTD                             00000008
PORTE                             00000009
PR2                               00000092
PS0                               00000000
PS1                               00000001
PS2                               00000002
PSA                               00000003
PSPIE                             00000007
PSPIF                             00000007
PSPMODE                           00000004
R                                 00000002
RA0                               00000000
RA1                               00000001
RA2                               00000002
RA3                               00000003
RA4                               00000004
RA5                               00000005
RB0                               00000000
RB1                               00000001
RB2                               00000002
RB3                               00000003
RB4                               00000004
RB5                               00000005
RB6                               00000006
RB7                               00000007
RBIE                              00000003
RBIF                              00000000
RC0                               00000000
RC1                               00000001
RC2                               00000002
RC3                               00000003
RC4                               00000004
RC5                               00000005
RC6                               00000006
RC7                               00000007
RC8_9                             00000006
RC9                               00000006
RCD8                              00000000
RCEN                              00000003
MPASM  5.48                           EJ1.ASM   11-8-2022  13:36:20         PAGE  7


SYMBOL TABLE
  LABEL                             VALUE 

RCIE                              00000005
RCIF                              00000005
RCREG                             0000001A
RCSTA                             00000018
RD                                00000000
RD0                               00000000
RD1                               00000001
RD2                               00000002
RD3                               00000003
RD4                               00000004
RD5                               00000005
RD6                               00000006
RD7                               00000007
RE0                               00000000
RE1                               00000001
RE2                               00000002
READ_WRITE                        00000002
RP0                               00000005
RP1                               00000006
RSEN                              00000001
RX9                               00000006
RX9D                              00000000
R_NOT_W                           00000002
R_W                               00000002
S                                 00000003
SEN                               00000000
SMP                               00000007
SPBRG                             00000099
SPEN                              00000007
SREN                              00000005
SSPADD                            00000093
SSPBUF                            00000013
SSPCON                            00000014
SSPCON2                           00000091
SSPEN                             00000005
SSPIE                             00000003
SSPIF                             00000003
SSPM0                             00000000
SSPM1                             00000001
SSPM2                             00000002
SSPM3                             00000003
SSPOV                             00000006
SSPSTAT                           00000094
STATUS                            00000003
SYNC                              00000004
T0CS                              00000005
T0IE                              00000005
T0IF                              00000002
T0SE                              00000004
T1CKPS0                           00000004
T1CKPS1                           00000005
T1CON                             00000010
T1INSYNC                          00000002
MPASM  5.48                           EJ1.ASM   11-8-2022  13:36:20         PAGE  8


SYMBOL TABLE
  LABEL                             VALUE 

T1OSCEN                           00000003
T1SYNC                            00000002
T2CKPS0                           00000000
T2CKPS1                           00000001
T2CON                             00000012
TMR0                              00000001
TMR0IE                            00000005
TMR0IF                            00000002
TMR1                              0000000E
TMR1CS                            00000001
TMR1H                             0000000F
TMR1IE                            00000000
TMR1IF                            00000000
TMR1L                             0000000E
TMR1ON                            00000000
TMR2                              00000011
TMR2IE                            00000001
TMR2IF                            00000001
TMR2ON                            00000002
TOUTPS0                           00000003
TOUTPS1                           00000004
TOUTPS2                           00000005
TOUTPS3                           00000006
TRISA                             00000085
TRISA0                            00000000
TRISA1                            00000001
TRISA2                            00000002
TRISA3                            00000003
TRISA4                            00000004
TRISA5                            00000005
TRISB                             00000086
TRISB0                            00000000
TRISB1                            00000001
TRISB2                            00000002
TRISB3                            00000003
TRISB4                            00000004
TRISB5                            00000005
TRISB6                            00000006
TRISB7                            00000007
TRISC                             00000087
TRISC0                            00000000
TRISC1                            00000001
TRISC2                            00000002
TRISC3                            00000003
TRISC4                            00000004
TRISC5                            00000005
TRISC6                            00000006
TRISC7                            00000007
TRISD                             00000088
TRISD0                            00000000
TRISD1                            00000001
TRISD2                            00000002
TRISD3                            00000003
MPASM  5.48                           EJ1.ASM   11-8-2022  13:36:20         PAGE  9


SYMBOL TABLE
  LABEL                             VALUE 

TRISD4                            00000004
TRISD5                            00000005
TRISD6                            00000006
TRISD7                            00000007
TRISE                             00000089
TRISE0                            00000000
TRISE1                            00000001
TRISE2                            00000002
TRMT                              00000001
TX8_9                             00000006
TX9                               00000006
TX9D                              00000000
TXD8                              00000000
TXEN                              00000005
TXIE                              00000004
TXIF                              00000004
TXREG                             00000019
TXSTA                             00000098
UA                                00000001
W                                 00000000
WCOL                              00000007
WR                                00000001
WREN                              00000002
WRERR                             00000003
Z                                 00000002
_BODEN_OFF                        00003FBF
_BODEN_ON                         00003FFF
_BOREN_OFF                        00003FBF
_BOREN_ON                         00003FFF
_CONFIG                           00002007
_CPD_OFF                          00003FFF
_CPD_ON                           00003EFF
_CP_ALL                           00000FCF
_CP_HALF                          00001FDF
_CP_OFF                           00003FFF
_CP_UPPER_256                     00002FEF
_DEBUG_OFF                        00003FFF
_DEBUG_ON                         000037FF
_DEVID1                           00002006
_FOSC_EXTRC                       00003FFF
_FOSC_HS                          00003FFE
_FOSC_LP                          00003FFC
_FOSC_XT                          00003FFD
_HS_OSC                           00003FFE
_IDLOC0                           00002000
_IDLOC1                           00002001
_IDLOC2                           00002002
_IDLOC3                           00002003
_LP_OSC                           00003FFC
_LVP_OFF                          00003F7F
_LVP_ON                           00003FFF
_PWRTE_OFF                        00003FFF
_PWRTE_ON                         00003FF7
MPASM  5.48                           EJ1.ASM   11-8-2022  13:36:20         PAGE 10


SYMBOL TABLE
  LABEL                             VALUE 

_RC_OSC                           00003FFF
_WDTE_OFF                         00003FFB
_WDTE_ON                          00003FFF
_WDT_OFF                          00003FFB
_WDT_ON                           00003FFF
_WRT_ENABLE_OFF                   00003DFF
_WRT_ENABLE_ON                    00003FFF
_WRT_OFF                          00003DFF
_WRT_ON                           00003FFF
_XT_OSC                           00003FFD
__16F877A                         00000001
canal                             00000028
canal0                            00000021
canal1                            00000022
canal2                            00000023
canalCero                         0000002E
canalDos                          00000038
canalUno                          00000033
convierte                         00000011
convierte2                        00000019
convierte3                        00000020
final                             00000024
inicio                            00000005
leer                              0000000F
loop                              00000043
retardo                           00000041
val                               00000020


MEMORY USAGE MAP ('X' = Used,  '-' = Unused)

0000 : X----XXXXXXXXXXX XXXXXXXXXXXXXXXX XXXXXXXXXXXXXXXX XXXXXXXXXXXXXXXX
0040 : XXXXXX---------- ---------------- ---------------- ----------------

All other memory blocks unused.

Program Memory Words Used:    66
Program Memory Words Free:  8126


Errors   :     0
Warnings :     3 reported,     0 suppressed
Messages :     3 reported,     0 suppressed

