MPASM  5.48                           EJ1.ASM   7-29-2004  3:34:04         PAGE  1


LOC  OBJECT CODE     LINE SOURCE TEXT
  VALUE

Warning[205]: Found directive in column 1. (processor)
                      00001 processor 16f877
Warning[205]: Found directive in column 1. (include)
                      00002 include <p16f877.inc>
                      00001         LIST
                      00002 
                      00003 ;==========================================================================
                      00004 ;  MPASM PIC16F877 processor include
                      00005 ; 
                      00006 ;  (c) Copyright 1999-2012 Microchip Technology, All rights reserved
                      00007 ;==========================================================================
                      00008 
Message[301]: MESSAGE: (Processor-header file mismatch.  Verify selected processor.)
                      00540         LIST
0000                  00003         org 0
0000   2805           00004         goto inicio
0005                  00005         org 5
Warning[207]: Found label after column 1. (inicio)
0005                  00006         inicio:
0005   1683           00007                 bsf STATUS, RP0; Cambio de banco
0006   1303           00008                 bcf STATUS, RP1
0007   3006           00009                 movlw 06H
Message[302]: Register in operand not in bank 0.  Ensure that bank bits are correct.
0008   009F           00010                 movwf ADCON1
0009   303F           00011                 movlw 3FH
Message[302]: Register in operand not in bank 0.  Ensure that bank bits are correct.
000A   0085           00012                 movwf TRISA
Message[302]: Register in operand not in bank 0.  Ensure that bank bits are correct.
000B   0186           00013                 clrf TRISB
Message[302]: Register in operand not in bank 0.  Ensure that bank bits are correct.
000C   0187           00014                 clrf TRISC
000D   1283           00015                 bcf STATUS, RP0
                      00016 
000E   0805           00017 switch: movf PORTA,0
000F   3A00           00018         xorlw h'00'
0010   1903           00019         btfsc STATUS,Z
0011   202F           00020         call paso1
0012   0805           00021         movf PORTA,0
0013   3A02           00022         xorlw h'02'
0014   1903           00023         btfsc STATUS,Z
0015   2032           00024         call paso2
0016   0805           00025         movf PORTA,0
0017   3A04           00026         xorlw h'04'
0018   1903           00027         btfsc STATUS,Z
0019   2037           00028         call paso3
001A   0805           00029         movf PORTA,0
001B   3A05           00030         xorlw h'05'
001C   1903           00031         btfsc STATUS,Z
001D   203C           00032         call paso4
001E   0805           00033         movf PORTA,0
001F   3A06           00034         xorlw h'06'
0020   1903           00035         btfsc STATUS,Z
0021   2041           00036         call paso5
MPASM  5.48                           EJ1.ASM   7-29-2004  3:34:04         PAGE  2


LOC  OBJECT CODE     LINE SOURCE TEXT
  VALUE

0022   3A07           00037         xorlw h'07'
0023   1903           00038         btfsc STATUS,Z
0024   2046           00039         call paso6
0025   3A08           00040         xorlw h'08'
0026   1903           00041         btfsc STATUS,Z
0027   204B           00042         call paso7
0028   3A09           00043         xorlw h'09'
0029   1903           00044         btfsc STATUS,Z
002A   2050           00045         call paso8
002B   3A10           00046         xorlw h'10'
002C   1903           00047         btfsc STATUS,Z
002D   2055           00048         call paso9
002E   280E           00049         goto switch
                      00050 
                      00051 ; Funciones de paso
002F   0186           00052 paso1: clrf PORTB
0030   0187           00053         clrf PORTC
0031   0008           00054         RETURN
                      00055 
0032   300A           00056 paso2: movlw b'00001010'
0033   0086           00057         movwf PORTB
0034   3004           00058         movlw b'00000100'
0035   0087           00059         movwf PORTC
0036   0008           00060         RETURN
                      00061 
0037   3004           00062 paso3: movlw b'00000100'
0038   0086           00063         movwf PORTB
0039   3004           00064         movlw b'00000100'
003A   0087           00065         movwf PORTC
003B   0008           00066         RETURN
                      00067 
003C   3006           00068 paso4: movlw b'00000110'
003D   0086           00069         movwf PORTB
003E   3002           00070         movlw b'00000010'
003F   0087           00071         movwf PORTC
0040   0008           00072         RETURN
                      00073 
0041   3001           00074 paso5: movlw b'00000001'
0042   0086           00075         movwf PORTB
0043   3002           00076         movlw b'00000010'
0044   0087           00077         movwf PORTC
0045   0008           00078         RETURN
                      00079 ; NUEVOS PASOS - EJ2
0046   300A           00080 paso6: movlw b'00001010'
0047   0086           00081         movwf PORTB
0048   3006           00082         movlw b'00000110'
0049   0087           00083         movwf PORTC
004A   0008           00084         RETURN
                      00085 
004B   3005           00086 paso7: movlw b'00000101'
004C   0086           00087         movwf PORTB
004D   3006           00088         movlw b'00000110'
004E   0087           00089         movwf PORTC
MPASM  5.48                           EJ1.ASM   7-29-2004  3:34:04         PAGE  3


LOC  OBJECT CODE     LINE SOURCE TEXT
  VALUE

004F   0008           00090         RETURN
                      00091 
0050   3006           00092 paso8: movlw b'00000110'
0051   0086           00093         movwf PORTB
0052   3006           00094         movlw b'00000110'
0053   0087           00095         movwf PORTC
0054   0008           00096         RETURN
                      00097 
0055   3009           00098 paso9: movlw b'00001001'
0056   0086           00099         movwf PORTB
0057   3006           00100         movlw b'00000110'
0058   0087           00101         movwf PORTC
0059   0008           00102         RETURN
Warning[205]: Found directive in column 1. (END)
                      00103 END
MPASM  5.48                           EJ1.ASM   7-29-2004  3:34:04         PAGE  4


SYMBOL TABLE
  LABEL                             VALUE 

ACKDT                             00000005
ACKEN                             00000004
ACKSTAT                           00000006
ADCON0                            0000001F
ADCON1                            0000009F
ADCS0                             00000006
ADCS1                             00000007
ADDEN                             00000003
ADFM                              00000007
ADIE                              00000006
ADIF                              00000006
ADON                              00000000
ADRESH                            0000001E
ADRESL                            0000009E
BCLIE                             00000003
BCLIF                             00000003
BF                                00000000
BRGH                              00000002
C                                 00000000
CCP1CON                           00000017
CCP1IE                            00000002
CCP1IF                            00000002
CCP1M0                            00000000
CCP1M1                            00000001
CCP1M2                            00000002
CCP1M3                            00000003
CCP1X                             00000005
CCP1Y                             00000004
CCP2CON                           0000001D
CCP2IE                            00000000
CCP2IF                            00000000
CCP2M0                            00000000
CCP2M1                            00000001
CCP2M2                            00000002
CCP2M3                            00000003
CCP2X                             00000005
CCP2Y                             00000004
CCPR1                             00000015
CCPR1H                            00000016
CCPR1L                            00000015
CCPR2                             0000001B
CCPR2H                            0000001C
CCPR2L                            0000001B
CHS0                              00000003
CHS1                              00000004
CHS2                              00000005
CKE                               00000006
CKP                               00000004
CREN                              00000004
CSRC                              00000007
D                                 00000005
DATA_ADDRESS                      00000005
DC                                00000001
MPASM  5.48                           EJ1.ASM   7-29-2004  3:34:04         PAGE  5


SYMBOL TABLE
  LABEL                             VALUE 

D_A                               00000005
D_NOT_A                           00000005
EEADR                             0000010D
EEADRH                            0000010F
EECON1                            0000018C
EECON2                            0000018D
EEDATA                            0000010C
EEDATH                            0000010E
EEIE                              00000004
EEIF                              00000004
EEPGD                             00000007
F                                 00000001
FERR                              00000002
FSR                               00000004
GCEN                              00000007
GIE                               00000007
GO                                00000002
GO_DONE                           00000002
GO_NOT_DONE                       00000002
I2C_DATA                          00000005
I2C_READ                          00000002
I2C_START                         00000003
I2C_STOP                          00000004
IBF                               00000007
IBOV                              00000005
INDF                              00000000
INTCON                            0000000B
INTE                              00000004
INTEDG                            00000006
INTF                              00000001
IRP                               00000007
NOT_A                             00000005
NOT_ADDRESS                       00000005
NOT_BO                            00000000
NOT_BOR                           00000000
NOT_DONE                          00000002
NOT_PD                            00000003
NOT_POR                           00000001
NOT_RBPU                          00000007
NOT_RC8                           00000006
NOT_T1SYNC                        00000002
NOT_TO                            00000004
NOT_TX8                           00000006
NOT_W                             00000002
NOT_WRITE                         00000002
OBF                               00000006
OERR                              00000001
OPTION_REG                        00000081
P                                 00000004
PCFG0                             00000000
PCFG1                             00000001
PCFG2                             00000002
PCFG3                             00000003
MPASM  5.48                           EJ1.ASM   7-29-2004  3:34:04         PAGE  6


SYMBOL TABLE
  LABEL                             VALUE 

PCL                               00000002
PCLATH                            0000000A
PCON                              0000008E
PEIE                              00000006
PEN                               00000002
PIE1                              0000008C
PIE2                              0000008D
PIR1                              0000000C
PIR2                              0000000D
PORTA                             00000005
PORTB                             00000006
PORTC                             00000007
PORTD                             00000008
PORTE                             00000009
PR2                               00000092
PS0                               00000000
PS1                               00000001
PS2                               00000002
PSA                               00000003
PSPIE                             00000007
PSPIF                             00000007
PSPMODE                           00000004
R                                 00000002
RA0                               00000000
RA1                               00000001
RA2                               00000002
RA3                               00000003
RA4                               00000004
RA5                               00000005
RB0                               00000000
RB1                               00000001
RB2                               00000002
RB3                               00000003
RB4                               00000004
RB5                               00000005
RB6                               00000006
RB7                               00000007
RBIE                              00000003
RBIF                              00000000
RC0                               00000000
RC1                               00000001
RC2                               00000002
RC3                               00000003
RC4                               00000004
RC5                               00000005
RC6                               00000006
RC7                               00000007
RC8_9                             00000006
RC9                               00000006
RCD8                              00000000
RCEN                              00000003
RCIE                              00000005
RCIF                              00000005
MPASM  5.48                           EJ1.ASM   7-29-2004  3:34:04         PAGE  7


SYMBOL TABLE
  LABEL                             VALUE 

RCREG                             0000001A
RCSTA                             00000018
RD                                00000000
RD0                               00000000
RD1                               00000001
RD2                               00000002
RD3                               00000003
RD4                               00000004
RD5                               00000005
RD6                               00000006
RD7                               00000007
RE0                               00000000
RE1                               00000001
RE2                               00000002
READ_WRITE                        00000002
RP0                               00000005
RP1                               00000006
RSEN                              00000001
RX9                               00000006
RX9D                              00000000
R_NOT_W                           00000002
R_W                               00000002
S                                 00000003
SEN                               00000000
SMP                               00000007
SPBRG                             00000099
SPEN                              00000007
SREN                              00000005
SSPADD                            00000093
SSPBUF                            00000013
SSPCON                            00000014
SSPCON2                           00000091
SSPEN                             00000005
SSPIE                             00000003
SSPIF                             00000003
SSPM0                             00000000
SSPM1                             00000001
SSPM2                             00000002
SSPM3                             00000003
SSPOV                             00000006
SSPSTAT                           00000094
STATUS                            00000003
SYNC                              00000004
T0CS                              00000005
T0IE                              00000005
T0IF                              00000002
T0SE                              00000004
T1CKPS0                           00000004
T1CKPS1                           00000005
T1CON                             00000010
T1INSYNC                          00000002
T1OSCEN                           00000003
T1SYNC                            00000002
MPASM  5.48                           EJ1.ASM   7-29-2004  3:34:04         PAGE  8


SYMBOL TABLE
  LABEL                             VALUE 

T2CKPS0                           00000000
T2CKPS1                           00000001
T2CON                             00000012
TMR0                              00000001
TMR0IE                            00000005
TMR0IF                            00000002
TMR1                              0000000E
TMR1CS                            00000001
TMR1H                             0000000F
TMR1IE                            00000000
TMR1IF                            00000000
TMR1L                             0000000E
TMR1ON                            00000000
TMR2                              00000011
TMR2IE                            00000001
TMR2IF                            00000001
TMR2ON                            00000002
TOUTPS0                           00000003
TOUTPS1                           00000004
TOUTPS2                           00000005
TOUTPS3                           00000006
TRISA                             00000085
TRISA0                            00000000
TRISA1                            00000001
TRISA2                            00000002
TRISA3                            00000003
TRISA4                            00000004
TRISA5                            00000005
TRISB                             00000086
TRISB0                            00000000
TRISB1                            00000001
TRISB2                            00000002
TRISB3                            00000003
TRISB4                            00000004
TRISB5                            00000005
TRISB6                            00000006
TRISB7                            00000007
TRISC                             00000087
TRISC0                            00000000
TRISC1                            00000001
TRISC2                            00000002
TRISC3                            00000003
TRISC4                            00000004
TRISC5                            00000005
TRISC6                            00000006
TRISC7                            00000007
TRISD                             00000088
TRISD0                            00000000
TRISD1                            00000001
TRISD2                            00000002
TRISD3                            00000003
TRISD4                            00000004
TRISD5                            00000005
MPASM  5.48                           EJ1.ASM   7-29-2004  3:34:04         PAGE  9


SYMBOL TABLE
  LABEL                             VALUE 

TRISD6                            00000006
TRISD7                            00000007
TRISE                             00000089
TRISE0                            00000000
TRISE1                            00000001
TRISE2                            00000002
TRMT                              00000001
TX8_9                             00000006
TX9                               00000006
TX9D                              00000000
TXD8                              00000000
TXEN                              00000005
TXIE                              00000004
TXIF                              00000004
TXREG                             00000019
TXSTA                             00000098
UA                                00000001
W                                 00000000
WCOL                              00000007
WR                                00000001
WREN                              00000002
WRERR                             00000003
Z                                 00000002
_BODEN_OFF                        00003FBF
_BODEN_ON                         00003FFF
_BOREN_OFF                        00003FBF
_BOREN_ON                         00003FFF
_CONFIG                           00002007
_CPD_OFF                          00003FFF
_CPD_ON                           00003EFF
_CP_ALL                           00000FCF
_CP_HALF                          00001FDF
_CP_OFF                           00003FFF
_CP_UPPER_256                     00002FEF
_DEBUG_OFF                        00003FFF
_DEBUG_ON                         000037FF
_DEVID1                           00002006
_FOSC_EXTRC                       00003FFF
_FOSC_HS                          00003FFE
_FOSC_LP                          00003FFC
_FOSC_XT                          00003FFD
_HS_OSC                           00003FFE
_IDLOC0                           00002000
_IDLOC1                           00002001
_IDLOC2                           00002002
_IDLOC3                           00002003
_LP_OSC                           00003FFC
_LVP_OFF                          00003F7F
_LVP_ON                           00003FFF
_PWRTE_OFF                        00003FFF
_PWRTE_ON                         00003FF7
_RC_OSC                           00003FFF
_WDTE_OFF                         00003FFB
MPASM  5.48                           EJ1.ASM   7-29-2004  3:34:04         PAGE 10


SYMBOL TABLE
  LABEL                             VALUE 

_WDTE_ON                          00003FFF
_WDT_OFF                          00003FFB
_WDT_ON                           00003FFF
_WRT_ENABLE_OFF                   00003DFF
_WRT_ENABLE_ON                    00003FFF
_WRT_OFF                          00003DFF
_WRT_ON                           00003FFF
_XT_OSC                           00003FFD
__16F877A                         00000001
inicio                            00000005
paso1                             0000002F
paso2                             00000032
paso3                             00000037
paso4                             0000003C
paso5                             00000041
paso6                             00000046
paso7                             0000004B
paso8                             00000050
paso9                             00000055
switch                            0000000E


MEMORY USAGE MAP ('X' = Used,  '-' = Unused)

0000 : X----XXXXXXXXXXX XXXXXXXXXXXXXXXX XXXXXXXXXXXXXXXX XXXXXXXXXXXXXXXX
0040 : XXXXXXXXXXXXXXXX XXXXXXXXXX------ ---------------- ----------------

All other memory blocks unused.

Program Memory Words Used:    86
Program Memory Words Free:  8106


Errors   :     0
Warnings :     4 reported,     0 suppressed
Messages :     5 reported,     0 suppressed

