
ROM used:   346 (4%)
            2049 (25%) including unused fragments

            1 Average locations per line
            7 Average locations per statement

RAM used:   9 (2%) at main() level
            12 (3%) worst case

Stack used: 2/8 worst case (1 in main + 1 for interrupts)

Lines Stmts  %   Files
----- ----- ---  -----
   64    53 100  Ej5.c
  302     0   0  ..\..\..\..\Program Files (x86)\PICC\devices\16f877.h
----- -----
  366    53 Total

Page ROM  %  RAM   Vol Diff  Functions:
---- --- --- ---   --- ----  ----------
0     20   6   1             @delay_ms1
3      1   0   0     5  1.0  loader16f877
0    227  66   1  1616  6.3  MAIN
0     15   4   0             @const73
0     79  23   4             @PSTRINGC7_38400_62_63
 Inline        0             @cinit1

Program metrics:
    Functions               2
    Statements              53
    Comments                85
    Volume (V)              1656
    Difficulty (D)          7.0
    Effort to implement (E) 11611
    Time to implement (T)   11 minutes
    Est Delivered Bugs (B)  0
    Cyclomatic Complexity   10
    Maintainability (MI)    51

 Segment     Used  Free
-----------  ----  ----
00000-00003     4  0  
00004-007FF   341  1703  
00800-00FFF     0  2048  
01000-017FF     0  2048  
01800-01EFF     0  1792  
01F00-01FFF     1  255  



